#
# A fatal error has been detected by the Java Runtime Environment:
#
#  Internal Error (classFileParser.cpp:3494), pid=45933, tid=139907204617984
#  Error: ShouldNotReachHere()
#
# JRE version: 6.0_45-b06
# Java VM: Java HotSpot(TM) 64-Bit Server VM (20.45-b01 mixed mode linux-amd64 compressed oops)
# If you would like to submit a bug report, please visit:
#   http://java.sun.com/webapps/bugreport/crash.jsp
#

---------------  T H R E A D  ---------------

Current thread (0x00007f3ea8007800):  JavaThread "Unknown thread" [_thread_in_vm, id=45938, stack(0x00007f3eaf2ba000,0x00007f3eaf3ba000)]

Stack: [0x00007f3eaf2ba000,0x00007f3eaf3ba000],  sp=0x00007f3eaf3b8160,  free space=1016k
Native frames: (J=compiled Java code, j=interpreted, Vv=VM code, C=native code)
V  [libjvm.so+0x861e05]  VMError::report_and_die()+0x265
V  [libjvm.so+0x3e5ed6]  report_should_not_reach_here(char const*, int)+0x46
V  [libjvm.so+0x36f26b]  ClassFileParser::parseClassFile(symbolHandle, Handle, Handle, KlassHandle, GrowableArray<Handle>*, symbolHandle&, bool, Thread*)+0x2b8b
V  [libjvm.so+0x3756ff]  ClassLoader::load_classfile(symbolHandle, Thread*)+0x22f
V  [libjvm.so+0x7eebff]  SystemDictionary::load_instance_class(symbolHandle, Handle, Thread*)+0xef
V  [libjvm.so+0x7ecbe5]  SystemDictionary::resolve_instance_class_or_null(symbolHandle, Handle, Handle, Thread*)+0x575
V  [libjvm.so+0x7eb971]  SystemDictionary::resolve_or_null(symbolHandle, Handle, Handle, Thread*)+0x81
V  [libjvm.so+0x7eb584]  SystemDictionary::resolve_or_fail(symbolHandle, Handle, Handle, bool, Thread*)+0x34
V  [libjvm.so+0x7f0400]  SystemDictionary::initialize_wk_klass(SystemDictionary::WKID, int, Thread*)+0x70
V  [libjvm.so+0x7f0495]  SystemDictionary::initialize_wk_klasses_until(SystemDictionary::WKID, SystemDictionary::WKID&, Thread*)+0x45
V  [libjvm.so+0x7f0575]  SystemDictionary::initialize_preloaded_classes(Thread*)+0x75
V  [libjvm.so+0x7f0328]  SystemDictionary::initialize(Thread*)+0xd8
V  [libjvm.so+0x837cf8]  Universe::genesis(Thread*)+0x598
V  [libjvm.so+0x839c29]  universe2_init()+0x29
V  [libjvm.so+0x4ae42c]  init_globals()+0x8c
V  [libjvm.so+0x820014]  Threads::create_vm(JavaVMInitArgs*, bool*)+0x214
V  [libjvm.so+0x51c800]  JNI_CreateJavaVM+0x80


---------------  P R O C E S S  ---------------

Java Threads: ( => current thread )

Other Threads:

=>0x00007f3ea8007800 (exited) JavaThread "Unknown thread" [_thread_in_vm, id=45938, stack(0x00007f3eaf2ba000,0x00007f3eaf3ba000)]

VM state:not at safepoint (not fully initialized)

VM Mutex/Monitor currently owned by a thread: None

Dynamic libraries:
40000000-40009000 r-xp 00000000 08:05 5513590                            /usr/lib/jvm/java-6-oracle/bin/java
40108000-4010a000 rw-p 00008000 08:05 5513590                            /usr/lib/jvm/java-6-oracle/bin/java
41a39000-41a5a000 rw-p 00000000 00:00 0                                  [heap]
80000000-814c0000 rw-p 00000000 00:00 0 
814c0000-85200000 rw-p 00000000 00:00 0 
85200000-8a3f0000 rw-p 00000000 00:00 0 
8a3f0000-d70b0000 rw-p 00000000 00:00 0 
d70b0000-d99a0000 rw-p 00000000 00:00 0 
d99a0000-100000000 rw-p 00000000 00:00 0 
7f3e90000000-7f3e90021000 rw-p 00000000 00:00 0 
7f3e90021000-7f3e94000000 ---p 00000000 00:00 0 
7f3e98000000-7f3e98021000 rw-p 00000000 00:00 0 
7f3e98021000-7f3e9c000000 ---p 00000000 00:00 0 
7f3e9c000000-7f3e9c021000 rw-p 00000000 00:00 0 
7f3e9c021000-7f3ea0000000 ---p 00000000 00:00 0 
7f3ea0000000-7f3ea0021000 rw-p 00000000 00:00 0 
7f3ea0021000-7f3ea4000000 ---p 00000000 00:00 0 
7f3ea5000000-7f3ea5270000 rwxp 00000000 00:00 0 
7f3ea5270000-7f3ea8085000 rw-p 00000000 00:00 0 
7f3ea8085000-7f3eac000000 ---p 00000000 00:00 0 
7f3eae2bb000-7f3eae392000 r--s 013fe000 08:05 5531951                    /work/mydroid/adt-bundle-linux-x86_64-20140702/sdk/platforms/android-19/android.jar
7f3eae392000-7f3eae3ba000 rw-p 00000000 00:00 0 
7f3eae3ba000-7f3eae3bb000 ---p 00000000 00:00 0 
7f3eae3bb000-7f3eae4bb000 rwxp 00000000 00:00 0 
7f3eae4bb000-7f3eae4bc000 ---p 00000000 00:00 0 
7f3eae4bc000-7f3eae5bc000 rwxp 00000000 00:00 0 
7f3eae5bc000-7f3eae5bd000 ---p 00000000 00:00 0 
7f3eae5bd000-7f3eae6bd000 rwxp 00000000 00:00 0 
7f3eae6bd000-7f3eae6be000 ---p 00000000 00:00 0 
7f3eae6be000-7f3eae7be000 rwxp 00000000 00:00 0 
7f3eae7be000-7f3eae7c9000 rw-p 00000000 00:00 0 
7f3eae7c9000-7f3eae7e7000 rw-p 00000000 00:00 0 
7f3eae7e7000-7f3eae810000 rw-p 00000000 00:00 0 
7f3eae810000-7f3eaea77000 rw-p 00000000 00:00 0 
7f3eaea77000-7f3eaea82000 rw-p 00000000 00:00 0 
7f3eaea82000-7f3eaeaa0000 rw-p 00000000 00:00 0 
7f3eaeaa0000-7f3eaeac9000 rw-p 00000000 00:00 0 
7f3eaeac9000-7f3eaed2f000 rw-p 00000000 00:00 0 
7f3eaed2f000-7f3eaed44000 rw-p 00000000 00:00 0 
7f3eaed44000-7f3eaee77000 rw-p 00000000 00:00 0 
7f3eaee77000-7f3eaee82000 rw-p 00000000 00:00 0 
7f3eaee82000-7f3eaef38000 rw-p 00000000 00:00 0 
7f3eaef38000-7f3eaef46000 r-xp 00000000 08:05 12950                      /usr/lib/jvm/java-6-oracle/jre/lib/amd64/libzip.so
7f3eaef46000-7f3eaf048000 ---p 0000e000 08:05 12950                      /usr/lib/jvm/java-6-oracle/jre/lib/amd64/libzip.so
7f3eaf048000-7f3eaf04b000 rw-p 00010000 08:05 12950                      /usr/lib/jvm/java-6-oracle/jre/lib/amd64/libzip.so
7f3eaf04b000-7f3eaf04c000 rw-p 00000000 00:00 0 
7f3eaf04c000-7f3eaf054000 rw-s 00000000 08:05 2639107                    /tmp/hsperfdata_embe/45933
7f3eaf054000-7f3eaf058000 r--p 00000000 08:05 5773973                    /usr/lib/x86_64-linux-gnu/libnsl-2.31.so
7f3eaf058000-7f3eaf068000 r-xp 00004000 08:05 5773973                    /usr/lib/x86_64-linux-gnu/libnsl-2.31.so
7f3eaf068000-7f3eaf06d000 r--p 00014000 08:05 5773973                    /usr/lib/x86_64-linux-gnu/libnsl-2.31.so
7f3eaf06d000-7f3eaf06e000 r--p 00018000 08:05 5773973                    /usr/lib/x86_64-linux-gnu/libnsl-2.31.so
7f3eaf06e000-7f3eaf06f000 rw-p 00019000 08:05 5773973                    /usr/lib/x86_64-linux-gnu/libnsl-2.31.so
7f3eaf06f000-7f3eaf071000 rw-p 00000000 00:00 0 
7f3eaf071000-7f3eaf09a000 r-xp 00000000 08:05 12963                      /usr/lib/jvm/java-6-oracle/jre/lib/amd64/libjava.so
7f3eaf09a000-7f3eaf199000 ---p 00029000 08:05 12963                      /usr/lib/jvm/java-6-oracle/jre/lib/amd64/libjava.so
7f3eaf199000-7f3eaf1a0000 rw-p 00028000 08:05 12963                      /usr/lib/jvm/java-6-oracle/jre/lib/amd64/libjava.so
7f3eaf1a0000-7f3eaf1ad000 r-xp 00000000 08:05 12945                      /usr/lib/jvm/java-6-oracle/jre/lib/amd64/libverify.so
7f3eaf1ad000-7f3eaf2ac000 ---p 0000d000 08:05 12945                      /usr/lib/jvm/java-6-oracle/jre/lib/amd64/libverify.so
7f3eaf2ac000-7f3eaf2af000 rw-p 0000c000 08:05 12945                      /usr/lib/jvm/java-6-oracle/jre/lib/amd64/libverify.so
7f3eaf2af000-7f3eaf2b1000 r--p 00000000 08:05 5774190                    /usr/lib/x86_64-linux-gnu/librt-2.31.so
7f3eaf2b1000-7f3eaf2b5000 r-xp 00002000 08:05 5774190                    /usr/lib/x86_64-linux-gnu/librt-2.31.so
7f3eaf2b5000-7f3eaf2b7000 r--p 00006000 08:05 5774190                    /usr/lib/x86_64-linux-gnu/librt-2.31.so
7f3eaf2b7000-7f3eaf2b8000 r--p 00007000 08:05 5774190                    /usr/lib/x86_64-linux-gnu/librt-2.31.so
7f3eaf2b8000-7f3eaf2b9000 rw-p 00008000 08:05 5774190                    /usr/lib/x86_64-linux-gnu/librt-2.31.so
7f3eaf2b9000-7f3eaf2ba000 ---p 00000000 00:00 0 
7f3eaf2ba000-7f3eaf2bd000 ---p 00000000 00:00 0 
7f3eaf2bd000-7f3eaf3ba000 rwxp 00000000 00:00 0 
7f3eaf3ba000-7f3eaf3c7000 r--p 00000000 08:05 5773855                    /usr/lib/x86_64-linux-gnu/libm-2.31.so
7f3eaf3c7000-7f3eaf46e000 r-xp 0000d000 08:05 5773855                    /usr/lib/x86_64-linux-gnu/libm-2.31.so
7f3eaf46e000-7f3eaf507000 r--p 000b4000 08:05 5773855                    /usr/lib/x86_64-linux-gnu/libm-2.31.so
7f3eaf507000-7f3eaf508000 r--p 0014c000 08:05 5773855                    /usr/lib/x86_64-linux-gnu/libm-2.31.so
7f3eaf508000-7f3eaf509000 rw-p 0014d000 08:05 5773855                    /usr/lib/x86_64-linux-gnu/libm-2.31.so
7f3eaf509000-7f3eafe27000 r-xp 00000000 08:05 12970                      /usr/lib/jvm/java-6-oracle/jre/lib/amd64/server/libjvm.so
7f3eafe27000-7f3eaff29000 ---p 0091e000 08:05 12970                      /usr/lib/jvm/java-6-oracle/jre/lib/amd64/server/libjvm.so
7f3eaff29000-7f3eb00df000 rw-p 00920000 08:05 12970                      /usr/lib/jvm/java-6-oracle/jre/lib/amd64/server/libjvm.so
7f3eb00df000-7f3eb011b000 rw-p 00000000 00:00 0 
7f3eb011b000-7f3eb013d000 r--p 00000000 08:05 5773197                    /usr/lib/x86_64-linux-gnu/libc-2.31.so
7f3eb013d000-7f3eb02b5000 r-xp 00022000 08:05 5773197                    /usr/lib/x86_64-linux-gnu/libc-2.31.so
7f3eb02b5000-7f3eb0303000 r--p 0019a000 08:05 5773197                    /usr/lib/x86_64-linux-gnu/libc-2.31.so
7f3eb0303000-7f3eb0307000 r--p 001e7000 08:05 5773197                    /usr/lib/x86_64-linux-gnu/libc-2.31.so
7f3eb0307000-7f3eb0309000 rw-p 001eb000 08:05 5773197                    /usr/lib/x86_64-linux-gnu/libc-2.31.so
7f3eb0309000-7f3eb030d000 rw-p 00000000 00:00 0 
7f3eb030d000-7f3eb030e000 r--p 00000000 08:05 5773340                    /usr/lib/x86_64-linux-gnu/libdl-2.31.so
7f3eb030e000-7f3eb0310000 r-xp 00001000 08:05 5773340                    /usr/lib/x86_64-linux-gnu/libdl-2.31.so
7f3eb0310000-7f3eb0311000 r--p 00003000 08:05 5773340                    /usr/lib/x86_64-linux-gnu/libdl-2.31.so
7f3eb0311000-7f3eb0312000 r--p 00003000 08:05 5773340                    /usr/lib/x86_64-linux-gnu/libdl-2.31.so
7f3eb0312000-7f3eb0313000 rw-p 00004000 08:05 5773340                    /usr/lib/x86_64-linux-gnu/libdl-2.31.so
7f3eb0313000-7f3eb031a000 r-xp 00000000 08:05 12935                      /usr/lib/jvm/java-6-oracle/jre/lib/amd64/jli/libjli.so
7f3eb031a000-7f3eb041b000 ---p 00007000 08:05 12935                      /usr/lib/jvm/java-6-oracle/jre/lib/amd64/jli/libjli.so
7f3eb041b000-7f3eb041d000 rw-p 00008000 08:05 12935                      /usr/lib/jvm/java-6-oracle/jre/lib/amd64/jli/libjli.so
7f3eb041d000-7f3eb0423000 r--p 00000000 08:05 5774125                    /usr/lib/x86_64-linux-gnu/libpthread-2.31.so
7f3eb0423000-7f3eb0434000 r-xp 00006000 08:05 5774125                    /usr/lib/x86_64-linux-gnu/libpthread-2.31.so
7f3eb0434000-7f3eb043a000 r--p 00017000 08:05 5774125                    /usr/lib/x86_64-linux-gnu/libpthread-2.31.so
7f3eb043a000-7f3eb043b000 r--p 0001c000 08:05 5774125                    /usr/lib/x86_64-linux-gnu/libpthread-2.31.so
7f3eb043b000-7f3eb043c000 rw-p 0001d000 08:05 5774125                    /usr/lib/x86_64-linux-gnu/libpthread-2.31.so
7f3eb043c000-7f3eb0440000 rw-p 00000000 00:00 0 
7f3eb0440000-7f3eb0443000 r--p 00000000 08:05 5773981                    /usr/lib/x86_64-linux-gnu/libnss_files-2.31.so
7f3eb0443000-7f3eb044a000 r-xp 00003000 08:05 5773981                    /usr/lib/x86_64-linux-gnu/libnss_files-2.31.so
7f3eb044a000-7f3eb044c000 r--p 0000a000 08:05 5773981                    /usr/lib/x86_64-linux-gnu/libnss_files-2.31.so
7f3eb044c000-7f3eb044d000 r--p 0000b000 08:05 5773981                    /usr/lib/x86_64-linux-gnu/libnss_files-2.31.so
7f3eb044d000-7f3eb044e000 rw-p 0000c000 08:05 5773981                    /usr/lib/x86_64-linux-gnu/libnss_files-2.31.so
7f3eb044e000-7f3eb0457000 rw-p 00000000 00:00 0 
7f3eb0457000-7f3eb0458000 r--p 00000000 08:05 5772977                    /usr/lib/x86_64-linux-gnu/ld-2.31.so
7f3eb0458000-7f3eb047b000 r-xp 00001000 08:05 5772977                    /usr/lib/x86_64-linux-gnu/ld-2.31.so
7f3eb047b000-7f3eb0483000 r--p 00024000 08:05 5772977                    /usr/lib/x86_64-linux-gnu/ld-2.31.so
7f3eb0483000-7f3eb0484000 r--p 00000000 00:00 0 
7f3eb0484000-7f3eb0485000 r--p 0002c000 08:05 5772977                    /usr/lib/x86_64-linux-gnu/ld-2.31.so
7f3eb0485000-7f3eb0486000 rw-p 0002d000 08:05 5772977                    /usr/lib/x86_64-linux-gnu/ld-2.31.so
7f3eb0486000-7f3eb0487000 rw-p 00000000 00:00 0 
7fff20546000-7fff20568000 rw-p 00000000 00:00 0                          [stack]
7fff20593000-7fff20597000 r--p 00000000 00:00 0                          [vvar]
7fff20597000-7fff20599000 r-xp 00000000 00:00 0                          [vdso]
ffffffffff600000-ffffffffff601000 --xp 00000000 00:00 0                  [vsyscall]

VM Arguments:
jvm_args: -Dfile.encoding=UTF-8 -Xbootclasspath:/work/mydroid/adt-bundle-linux-x86_64-20140702/sdk/platforms/android-19/android.jar 
java_command: com.example.androidex.VerifyApiKey
Launcher Type: SUN_STANDARD

Environment Variables:
JAVA_HOME=/usr/lib/jvm/java-6-oracle/jre/bin/java
PATH=/work/mydroid/android-ndk-r10e:/work/mydroid/adt-bundle-linux-x86_64-20140702/sdk/platform-tools:/usr/lib/jvm/java-6-oracle/bin:/usr/lib/jvm/java-6-oracle/jre/bin:/opt/toolchains/arm-2014.05/bin:/usr/local/sbin:/usr/local/bin:/usr/sbin:/usr/bin:/sbin:/bin:/usr/games:/usr/local/games:/snap/bin
USERNAME=embe
LD_LIBRARY_PATH=/usr/lib/jvm/java-6-oracle/jre/lib/amd64/server:/usr/lib/jvm/java-6-oracle/jre/lib/amd64:/usr/lib/jvm/java-6-oracle/jre/../lib/amd64:/usr/lib:/usr/local/lib
SHELL=/usr/bin/bash
DISPLAY=:0
ARCH=arm

Signal Handlers:
SIGSEGV: [libjvm.so+0x862a30], sa_mask[0]=0x7ffbfeff, sa_flags=0x10000004
SIGBUS: [libjvm.so+0x862a30], sa_mask[0]=0x7ffbfeff, sa_flags=0x10000004
SIGFPE: [libjvm.so+0x7106f0], sa_mask[0]=0x7ffbfeff, sa_flags=0x10000004
SIGPIPE: [libjvm.so+0x7106f0], sa_mask[0]=0x7ffbfeff, sa_flags=0x10000004
SIGXFSZ: [libjvm.so+0x7106f0], sa_mask[0]=0x7ffbfeff, sa_flags=0x10000004
SIGILL: [libjvm.so+0x7106f0], sa_mask[0]=0x7ffbfeff, sa_flags=0x10000004
SIGUSR1: SIG_DFL, sa_mask[0]=0x00000000, sa_flags=0x00000000
SIGUSR2: [libjvm.so+0x713520], sa_mask[0]=0x00000004, sa_flags=0x10000004
SIGHUP: SIG_DFL, sa_mask[0]=0x00000000, sa_flags=0x00000000
SIGINT: SIG_DFL, sa_mask[0]=0x00000000, sa_flags=0x00000000
SIGTERM: SIG_DFL, sa_mask[0]=0x00000000, sa_flags=0x00000000
SIGQUIT: SIG_DFL, sa_mask[0]=0x00000000, sa_flags=0x00000000


---------------  S Y S T E M  ---------------

OS:bullseye/sid

uname:Linux 5.15.0-72-generic #79~20.04.1-Ubuntu SMP Thu Apr 20 22:12:07 UTC 2023 x86_64
libc:glibc 2.31 NPTL 2.31 
rlimit: STACK 8192k, CORE 0k, NPROC 31131, NOFILE 1048576, AS infinity
load average:1.90 1.46 1.38

/proc/meminfo:
MemTotal:        8050552 kB
MemFree:          382972 kB
MemAvailable:    2263324 kB
Buffers:           69480 kB
Cached:          2973740 kB
SwapCached:          128 kB
Active:          1803156 kB
Inactive:        5206476 kB
Active(anon):     335392 kB
Inactive(anon):  4729936 kB
Active(file):    1467764 kB
Inactive(file):   476540 kB
Unevictable:      130116 kB
Mlocked:               0 kB
SwapTotal:       2097148 kB
SwapFree:        2095356 kB
Dirty:               320 kB
Writeback:             0 kB
AnonPages:       4096424 kB
Mapped:           472460 kB
Shmem:           1100892 kB
KReclaimable:     240172 kB
Slab:             368852 kB
SReclaimable:     240172 kB
SUnreclaim:       128680 kB
KernelStack:       18516 kB
PageTables:        47656 kB
NFS_Unstable:          0 kB
Bounce:                0 kB
WritebackTmp:          0 kB
CommitLimit:     6122424 kB
Committed_AS:   11338636 kB
VmallocTotal:   34359738367 kB
VmallocUsed:       47136 kB
VmallocChunk:          0 kB
Percpu:             3888 kB
HardwareCorrupted:     0 kB
AnonHugePages:         0 kB
ShmemHugePages:        0 kB
ShmemPmdMapped:        0 kB
FileHugePages:         0 kB
FilePmdMapped:         0 kB
HugePages_Total:       0
HugePages_Free:        0
HugePages_Rsvd:        0
HugePages_Surp:        0
Hugepagesize:       2048 kB
Hugetlb:               0 kB
DirectMap4k:      305656 kB
DirectMap2M:     5896192 kB
DirectMap1G:     2097152 kB


CPU:total 4 (4 cores per cpu, 1 threads per core) family 6 model 158 stepping 9, cmov, cx8, fxsr, mmx, sse, sse2, sse3, ssse3, sse4.1, sse4.2, popcnt

/proc/cpuinfo:
processor	: 0
vendor_id	: GenuineIntel
cpu family	: 6
model		: 158
model name	: Intel(R) Core(TM) i5-7400 CPU @ 3.00GHz
stepping	: 9
microcode	: 0xf0
cpu MHz		: 2499.707
cache size	: 6144 KB
physical id	: 0
siblings	: 4
core id		: 0
cpu cores	: 4
apicid		: 0
initial apicid	: 0
fpu		: yes
fpu_exception	: yes
cpuid level	: 22
wp		: yes
flags		: fpu vme de pse tsc msr pae mce cx8 apic sep mtrr pge mca cmov pat pse36 clflush dts acpi mmx fxsr sse sse2 ss ht tm pbe syscall nx pdpe1gb rdtscp lm constant_tsc art arch_perfmon pebs bts rep_good nopl xtopology nonstop_tsc cpuid aperfmperf pni pclmulqdq dtes64 monitor ds_cpl vmx est tm2 ssse3 sdbg fma cx16 xtpr pdcm pcid sse4_1 sse4_2 x2apic movbe popcnt tsc_deadline_timer aes xsave avx f16c rdrand lahf_lm abm 3dnowprefetch cpuid_fault epb invpcid_single pti ssbd ibrs ibpb stibp tpr_shadow vnmi flexpriority ept vpid ept_ad fsgsbase tsc_adjust bmi1 avx2 smep bmi2 erms invpcid mpx rdseed adx smap clflushopt intel_pt xsaveopt xsavec xgetbv1 xsaves dtherm ida arat pln pts hwp hwp_notify hwp_act_window hwp_epp md_clear flush_l1d arch_capabilities
vmx flags	: vnmi preemption_timer invvpid ept_x_only ept_ad ept_1gb flexpriority tsc_offset vtpr mtf vapic ept vpid unrestricted_guest ple shadow_vmcs pml ept_mode_based_exec
bugs		: cpu_meltdown spectre_v1 spectre_v2 spec_store_bypass l1tf mds swapgs itlb_multihit srbds mmio_stale_data retbleed
bogomips	: 6000.00
clflush size	: 64
cache_alignment	: 64
address sizes	: 39 bits physical, 48 bits virtual
power management:

processor	: 1
vendor_id	: GenuineIntel
cpu family	: 6
model		: 158
model name	: Intel(R) Core(TM) i5-7400 CPU @ 3.00GHz
stepping	: 9
microcode	: 0xf0
cpu MHz		: 2355.367
cache size	: 6144 KB
physical id	: 0
siblings	: 4
core id		: 1
cpu cores	: 4
apicid		: 2
initial apicid	: 2
fpu		: yes
fpu_exception	: yes
cpuid level	: 22
wp		: yes
flags		: fpu vme de pse tsc msr pae mce cx8 apic sep mtrr pge mca cmov pat pse36 clflush dts acpi mmx fxsr sse sse2 ss ht tm pbe syscall nx pdpe1gb rdtscp lm constant_tsc art arch_perfmon pebs bts rep_good nopl xtopology nonstop_tsc cpuid aperfmperf pni pclmulqdq dtes64 monitor ds_cpl vmx est tm2 ssse3 sdbg fma cx16 xtpr pdcm pcid sse4_1 sse4_2 x2apic movbe popcnt tsc_deadline_timer aes xsave avx f16c rdrand lahf_lm abm 3dnowprefetch cpuid_fault epb invpcid_single pti ssbd ibrs ibpb stibp tpr_shadow vnmi flexpriority ept vpid ept_ad fsgsbase tsc_adjust bmi1 avx2 smep bmi2 erms invpcid mpx rdseed adx smap clflushopt intel_pt xsaveopt xsavec xgetbv1 xsaves dtherm ida arat pln pts hwp hwp_notify hwp_act_window hwp_epp md_clear flush_l1d arch_capabilities
vmx flags	: vnmi preemption_timer invvpid ept_x_only ept_ad ept_1gb flexpriority tsc_offset vtpr mtf vapic ept vpid unrestricted_guest ple shadow_vmcs pml ept_mode_based_exec
bugs		: cpu_meltdown spectre_v1 spectre_v2 spec_store_bypass l1tf mds swapgs itlb_multihit srbds mmio_stale_data retbleed
bogomips	: 6000.00
clflush size	: 64
cache_alignment	: 64
address sizes	: 39 bits physical, 48 bits virtual
power management:

processor	: 2
vendor_id	: GenuineIntel
cpu family	: 6
model		: 158
model name	: Intel(R) Core(TM) i5-7400 CPU @ 3.00GHz
stepping	: 9
microcode	: 0xf0
cpu MHz		: 3000.000
cache size	: 6144 KB
physical id	: 0
siblings	: 4
core id		: 2
cpu cores	: 4
apicid		: 4
initial apicid	: 4
fpu		: yes
fpu_exception	: yes
cpuid level	: 22
wp		: yes
flags		: fpu vme de pse tsc msr pae mce cx8 apic sep mtrr pge mca cmov pat pse36 clflush dts acpi mmx fxsr sse sse2 ss ht tm pbe syscall nx pdpe1gb rdtscp lm constant_tsc art arch_perfmon pebs bts rep_good nopl xtopology nonstop_tsc cpuid aperfmperf pni pclmulqdq dtes64 monitor ds_cpl vmx est tm2 ssse3 sdbg fma cx16 xtpr pdcm pcid sse4_1 sse4_2 x2apic movbe popcnt tsc_deadline_timer aes xsave avx f16c rdrand lahf_lm abm 3dnowprefetch cpuid_fault epb invpcid_single pti ssbd ibrs ibpb stibp tpr_shadow vnmi flexpriority ept vpid ept_ad fsgsbase tsc_adjust bmi1 avx2 smep bmi2 erms invpcid mpx rdseed adx smap clflushopt intel_pt xsaveopt xsavec xgetbv1 xsaves dtherm ida arat pln pts hwp hwp_notify hwp_act_window hwp_epp md_clear flush_l1d arch_capabilities
vmx flags	: vnmi preemption_timer invvpid ept_x_only ept_ad ept_1gb flexpriority tsc_offset vtpr mtf vapic ept vpid unrestricted_guest ple shadow_vmcs pml ept_mode_based_exec
bugs		: cpu_meltdown spectre_v1 spectre_v2 spec_store_bypass l1tf mds swapgs itlb_multihit srbds mmio_stale_data retbleed
bogomips	: 6000.00
clflush size	: 64
cache_alignment	: 64
address sizes	: 39 bits physical, 48 bits virtual
power management:

processor	: 3
vendor_id	: GenuineIntel
cpu family	: 6
model		: 158
model name	: Intel(R) Core(TM) i5-7400 CPU @ 3.00GHz
stepping	: 9
microcode	: 0xf0
cpu MHz		: 3299.988
cache size	: 6144 KB
physical id	: 0
siblings	: 4
core id		: 3
cpu cores	: 4
apicid		: 6
initial apicid	: 6
fpu		: yes
fpu_exception	: yes
cpuid level	: 22
wp		: yes
flags		: fpu vme de pse tsc msr pae mce cx8 apic sep mtrr pge mca cmov pat pse36 clflush dts acpi mmx fxsr sse sse2 ss ht tm pbe syscall nx pdpe1gb rdtscp lm constant_tsc art arch_perfmon pebs bts rep_good nopl xtopology nonstop_tsc cpuid aperfmperf pni pclmulqdq dtes64 monitor ds_cpl vmx est tm2 ssse3 sdbg fma cx16 xtpr pdcm pcid sse4_1 sse4_2 x2apic movbe popcnt tsc_deadline_timer aes xsave avx f16c rdrand lahf_lm abm 3dnowprefetch cpuid_fault epb invpcid_single pti ssbd ibrs ibpb stibp tpr_shadow vnmi flexpriority ept vpid ept_ad fsgsbase tsc_adjust bmi1 avx2 smep bmi2 erms invpcid mpx rdseed adx smap clflushopt intel_pt xsaveopt xsavec xgetbv1 xsaves dtherm ida arat pln pts hwp hwp_notify hwp_act_window hwp_epp md_clear flush_l1d arch_capabilities
vmx flags	: vnmi preemption_timer invvpid ept_x_only ept_ad ept_1gb flexpriority tsc_offset vtpr mtf vapic ept vpid unrestricted_guest ple shadow_vmcs pml ept_mode_based_exec
bugs		: cpu_meltdown spectre_v1 spectre_v2 spec_store_bypass l1tf mds swapgs itlb_multihit srbds mmio_stale_data retbleed
bogomips	: 6000.00
clflush size	: 64
cache_alignment	: 64
address sizes	: 39 bits physical, 48 bits virtual
power management:



Memory: 4k page, physical 8050552k(382216k free), swap 2097148k(2095356k free)

vm_info: Java HotSpot(TM) 64-Bit Server VM (20.45-b01) for linux-amd64 JRE (1.6.0_45-b06), built on Mar 26 2013 14:07:02 by "java_re" with gcc 3.2.2 (SuSE Linux)

time: Thu Jun 22 22:24:11 2023
elapsed time: 0 seconds

